d:\templates\templates\magiserka\2\magisterkauav2\consoleapplication1\x64\release\consoleapplication1.pch
d:\templates\templates\magiserka\2\magisterkauav2\consoleapplication1\x64\release\vc143.pdb
d:\templates\templates\magiserka\2\magisterkauav2\consoleapplication1\x64\release\stdafx.obj
d:\templates\templates\magiserka\2\magisterkauav2\consoleapplication1\x64\release\steczgromada.obj
d:\templates\templates\magiserka\2\magisterkauav2\consoleapplication1\x64\release\consoleapplication1.res
d:\templates\templates\magiserka\2\magisterkauav2\consoleapplication1\x64\release\consoleapplication1.ipdb
d:\templates\templates\magiserka\2\magisterkauav2\consoleapplication1\x64\release\consoleapplication1.iobj
d:\templates\templates\magiserka\2\magisterkauav2\x64\release\consoleapplication1.pdb
d:\templates\templates\magiserka\2\magisterkauav2\x64\release\consoleapplication1.exe
d:\templates\templates\magiserka\2\magisterkauav2\consoleapplication1\x64\release\consolea.f2bd2011.tlog\cl.command.1.tlog
d:\templates\templates\magiserka\2\magisterkauav2\consoleapplication1\x64\release\consolea.f2bd2011.tlog\cl.items.tlog
d:\templates\templates\magiserka\2\magisterkauav2\consoleapplication1\x64\release\consolea.f2bd2011.tlog\cl.read.1.tlog
d:\templates\templates\magiserka\2\magisterkauav2\consoleapplication1\x64\release\consolea.f2bd2011.tlog\cl.write.1.tlog
d:\templates\templates\magiserka\2\magisterkauav2\consoleapplication1\x64\release\consolea.f2bd2011.tlog\link.command.1.tlog
d:\templates\templates\magiserka\2\magisterkauav2\consoleapplication1\x64\release\consolea.f2bd2011.tlog\link.read.1.tlog
d:\templates\templates\magiserka\2\magisterkauav2\consoleapplication1\x64\release\consolea.f2bd2011.tlog\link.secondary.1.tlog
d:\templates\templates\magiserka\2\magisterkauav2\consoleapplication1\x64\release\consolea.f2bd2011.tlog\link.write.1.tlog
d:\templates\templates\magiserka\2\magisterkauav2\consoleapplication1\x64\release\consolea.f2bd2011.tlog\rc.command.1.tlog
d:\templates\templates\magiserka\2\magisterkauav2\consoleapplication1\x64\release\consolea.f2bd2011.tlog\rc.read.1.tlog
d:\templates\templates\magiserka\2\magisterkauav2\consoleapplication1\x64\release\consolea.f2bd2011.tlog\rc.write.1.tlog
